<?xml version="1.0" encoding="UTF-8"?>
<!-- Generated by org.testng.reporters.JUnitReportReporter -->
<testsuite skipped="0" hostname="BLRJPT1004D" name="com.test.GoogleTest" tests="3" failures="0" timestamp="21 Feb 2019 06:36:51 GMT" time="26.740" errors="0">
  <testcase name="googleLogoTest" time="7.008" classname="com.test.GoogleTest"/>
  <testcase name="gmailLogoTest" time="13.009" classname="com.test.GoogleTest"/>
  <testcase name="googleTitleTest" time="6.723" classname="com.test.GoogleTest"/>
</testsuite> <!-- com.test.GoogleTest -->
