<?xml version="1.0" encoding="UTF-8"?>
<!-- Generated by org.testng.reporters.JUnitReportReporter -->
<testsuite skipped="0" hostname="BLRJPT1004D" name="com.test.TestNGFeatures" tests="3" failures="0" timestamp="21 Feb 2019 06:36:51 GMT" time="0.003" errors="0">
  <testcase name="searchPageTest" time="0.001" classname="com.test.TestNGFeatures"/>
  <testcase name="homePageTest" time="0.001" classname="com.test.TestNGFeatures"/>
  <testcase name="login" time="0.001" classname="com.test.TestNGFeatures"/>
</testsuite> <!-- com.test.TestNGFeatures -->
