<?xml version="1.0" encoding="UTF-8"?>
<!-- Generated by org.testng.reporters.JUnitReportReporter -->
<testsuite skipped="0" hostname="BLRJPT1004D" name="com.test.InvocationTestCount" tests="10" failures="0" timestamp="21 Feb 2019 06:36:51 GMT" time="0.009" errors="0">
  <testcase name="sum" time="0.001" classname="com.test.InvocationTestCount"/>
  <testcase name="sum" time="0.001" classname="com.test.InvocationTestCount"/>
  <testcase name="sum" time="0.001" classname="com.test.InvocationTestCount"/>
  <testcase name="sum" time="0.001" classname="com.test.InvocationTestCount"/>
  <testcase name="sum" time="0.000" classname="com.test.InvocationTestCount"/>
  <testcase name="sum" time="0.001" classname="com.test.InvocationTestCount"/>
  <testcase name="sum" time="0.001" classname="com.test.InvocationTestCount"/>
  <testcase name="sum" time="0.001" classname="com.test.InvocationTestCount"/>
  <testcase name="sum" time="0.001" classname="com.test.InvocationTestCount"/>
  <testcase name="sum" time="0.001" classname="com.test.InvocationTestCount"/>
</testsuite> <!-- com.test.InvocationTestCount -->
